<?xml version="1.0" encoding="UTF-8"?>
<testng-results ignored="0" total="2" passed="2" failed="0" skipped="0">
  <reporter-output>
  </reporter-output>
  <suite started-at="2025-07-23T13:41:09 EDT" name="Default suite" finished-at="2025-07-23T13:41:14 EDT" duration-ms="5172">
    <groups>
    </groups>
    <test started-at="2025-07-23T13:41:09 EDT" name="Default test" finished-at="2025-07-23T13:41:14 EDT" duration-ms="5172">
      <class name="basics.JiraAPI">
        <test-method signature="createIssueAndAttachFile()[pri:0, instance:basics.JiraAPI@1bd4fdd]" started-at="2025-07-23T13:41:09 EDT" name="createIssueAndAttachFile" finished-at="2025-07-23T13:41:13 EDT" duration-ms="4659" status="PASS">
          <reporter-output>
          </reporter-output>
        </test-method> <!-- createIssueAndAttachFile -->
        <test-method signature="addCommentToIssue(java.lang.String)[pri:0, instance:basics.JiraAPI@1bd4fdd]" started-at="2025-07-23T13:41:14 EDT" name="addCommentToIssue" data-provider="commentStatement" finished-at="2025-07-23T13:41:14 EDT" depends-on-methods="basics.JiraAPI.createIssueAndAttachFile" duration-ms="432" status="PASS">
          <params>
            <param index="0">
              <value>
                <![CDATA[This is a new comment on the Jira issue.]]>
              </value>
            </param>
          </params>
          <reporter-output>
          </reporter-output>
        </test-method> <!-- addCommentToIssue -->
      </class> <!-- basics.JiraAPI -->
    </test> <!-- Default test -->
  </suite> <!-- Default suite -->
</testng-results>
